<?xml version="1.0" encoding="UTF-8"?>
<!-- Generated by org.testng.reporters.JUnitReportReporter -->
<testsuite skipped="0" hostname="LAPTOP-6T5QQS6H" name="scripts.TestOne" tests="1" failures="0" timestamp="26 Jan 2018 15:49:01 GMT" time="0.021" errors="0">
  <testcase name="methodOne" time="0.021" classname="scripts.TestOne"/>
</testsuite> <!-- scripts.TestOne -->
